<?xml version="1.0" encoding="utf-8" standalone="no"?>
<test-results xmlns:xsi="http://www.w3.org/2001/XMLSchema-instance" xsi:noNamespaceSchemaLocation="nunit_schema_2.5.xsd" name="Pester" total="5" errors="0" failures="0" not-run="58" inconclusive="0" ignored="0" skipped="0" invalid="0" date="2024-02-12" time="20:42:51">
  <environment clr-version="4.0.30319.42000" user-domain="psconfeuvm" cwd="E:\GIT\psconfeu2024-AL\Labs" platform="Microsoft Windows Server 2022 Datacenter Azure Edition|C:\Windows|\Device\Harddisk0\Partition4" machine-name="psconfeuvm" nunit-version="2.5.8.0" os-version="10.0.20348" user="psconfeu" />
  <culture-info current-culture="en-US" current-uiculture="en-US" />
  <test-suite type="TestFixture" name="Pester" executed="True" result="Success" success="True" time="4.6059" asserts="0" description="Pester">
    <results>
      <test-suite type="TestFixture" name="C:\Program Files\WindowsPowerShell\Modules\AutomatedLabTest\5.50.0\tests\00General.tests.ps1" executed="True" result="Success" success="True" time="0.3431" asserts="0" description="C:\Program Files\WindowsPowerShell\Modules\AutomatedLabTest\5.50.0\tests\00General.tests.ps1">
        <results>
          <test-suite type="TestFixture" name="[LAB1] General" executed="True" result="Success" success="True" time="0.2119" asserts="0" description="[LAB1] General">
            <results>
              <test-suite type="TestFixture" name="[LAB1] General.Lab deployment successful" executed="True" result="Success" success="True" time="0.203" asserts="0" description="[LAB1] General.Lab deployment successful">
                <results>
                  <test-suite type="ParameterizedTest" name="[LAB1] General.Lab deployment successful.[&lt;LabName&gt;] Should return the correct amount of machines" executed="True" result="Success" success="True" time="0.1939" asserts="0" description="[&lt;LabName&gt;] Should return the correct amount of machines">
                    <results>
                      <test-case description="[LAB1] Should return the correct amount of machines" name="[LAB1] General.Lab deployment successful.[LAB1] Should return the correct amount of machines" time="0.1939" asserts="0" success="True" result="Success" executed="True" />
                    </results>
                  </test-suite>
                </results>
              </test-suite>
            </results>
          </test-suite>
        </results>
      </test-suite>
      <test-suite type="TestFixture" name="C:\Program Files\WindowsPowerShell\Modules\AutomatedLabTest\5.50.0\tests\RootDC.tests.ps1" executed="True" result="Success" success="True" time="2.6144" asserts="0" description="C:\Program Files\WindowsPowerShell\Modules\AutomatedLabTest\5.50.0\tests\RootDC.tests.ps1">
        <results>
          <test-suite type="TestFixture" name="[LAB1] DC Generic" executed="True" result="Success" success="True" time="1.3727" asserts="0" description="[LAB1] DC Generic">
            <results>
              <test-suite type="TestFixture" name="[LAB1] DC Generic.Role deployment successful" executed="True" result="Success" success="True" time="1.3663" asserts="0" description="[LAB1] DC Generic.Role deployment successful">
                <results>
                  <test-case description="[RootDC] Should return the correct amount of machines" name="[LAB1] DC Generic.Role deployment successful.[RootDC] Should return the correct amount of machines" time="0.0299" asserts="0" success="True" result="Success" executed="True" />
                  <test-suite type="ParameterizedTest" name="[LAB1] DC Generic.Role deployment successful.LAB1DC should have ADWS running" executed="True" result="Success" success="True" time="0.7152" asserts="0" description="LAB1DC should have ADWS running">
                    <results>
                      <test-case description="LAB1DC should have ADWS running" name="[LAB1] DC Generic.Role deployment successful.LAB1DC should have ADWS running(LAB1DC)" time="0.7152" asserts="0" success="True" result="Success" executed="True" />
                    </results>
                  </test-suite>
                  <test-suite type="ParameterizedTest" name="[LAB1] DC Generic.Role deployment successful.LAB1DC should respond to ADWS calls" executed="True" result="Success" success="True" time="0.6121" asserts="0" description="LAB1DC should respond to ADWS calls">
                    <results>
                      <test-case description="LAB1DC should respond to ADWS calls" name="[LAB1] DC Generic.Role deployment successful.LAB1DC should respond to ADWS calls(LAB1DC)" time="0.6121" asserts="0" success="True" result="Success" executed="True" />
                    </results>
                  </test-suite>
                </results>
              </test-suite>
            </results>
          </test-suite>
          <test-suite type="TestFixture" name="[LAB1] RootDC specific" executed="True" result="Success" success="True" time="2.4513" asserts="0" description="[LAB1] RootDC specific">
            <results>
              <test-suite type="ParameterizedTest" name="[LAB1] RootDC specific.LAB1DC should hold PDC emulator FSMO role" executed="True" result="Success" success="True" time="1.071" asserts="0" description="LAB1DC should hold PDC emulator FSMO role">
                <results>
                  <test-case description="LAB1DC should hold PDC emulator FSMO role" name="[LAB1] RootDC specific.LAB1DC should hold PDC emulator FSMO role(LAB1DC)" time="1.071" asserts="0" success="True" result="Success" executed="True" />
                </results>
              </test-suite>
            </results>
          </test-suite>
        </results>
      </test-suite>
    </results>
  </test-suite>
</test-results>