<?xml version="1.0" encoding="utf-8" standalone="no"?>
<test-results xmlns:xsi="http://www.w3.org/2001/XMLSchema-instance" xsi:noNamespaceSchemaLocation="nunit_schema_2.5.xsd" name="Pester" total="13" errors="0" failures="0" not-run="56" inconclusive="0" ignored="0" skipped="0" invalid="0" date="2024-02-13" time="23:42:44">
  <environment clr-version="4.0.30319.42000" user-domain="psconfeuvm" cwd="E:\GIT\psconfeu2024-AL\Labs" platform="Microsoft Windows Server 2022 Datacenter Azure Edition|C:\Windows|\Device\Harddisk0\Partition4" machine-name="psconfeuvm" nunit-version="2.5.8.0" os-version="10.0.20348" user="psconfeu" />
  <culture-info current-culture="en-US" current-uiculture="en-US" />
  <test-suite type="TestFixture" name="Pester" executed="True" result="Success" success="True" time="25.4548" asserts="0" description="Pester">
    <results>
      <test-suite type="TestFixture" name="C:\Program Files\WindowsPowerShell\Modules\AutomatedLabTest\5.50.0\tests\00General.tests.ps1" executed="True" result="Success" success="True" time="0.7467" asserts="0" description="C:\Program Files\WindowsPowerShell\Modules\AutomatedLabTest\5.50.0\tests\00General.tests.ps1">
        <results>
          <test-suite type="TestFixture" name="[LAB3] General" executed="True" result="Success" success="True" time="0.3743" asserts="0" description="[LAB3] General">
            <results>
              <test-suite type="TestFixture" name="[LAB3] General.Lab deployment successful" executed="True" result="Success" success="True" time="0.3623" asserts="0" description="[LAB3] General.Lab deployment successful">
                <results>
                  <test-suite type="ParameterizedTest" name="[LAB3] General.Lab deployment successful.[&lt;LabName&gt;] Should return the correct amount of machines" executed="True" result="Success" success="True" time="0.3491" asserts="0" description="[&lt;LabName&gt;] Should return the correct amount of machines">
                    <results>
                      <test-case description="[LAB3] Should return the correct amount of machines" name="[LAB3] General.Lab deployment successful.[LAB3] Should return the correct amount of machines" time="0.3491" asserts="0" success="True" result="Success" executed="True" />
                    </results>
                  </test-suite>
                </results>
              </test-suite>
            </results>
          </test-suite>
        </results>
      </test-suite>
      <test-suite type="TestFixture" name="C:\Program Files\WindowsPowerShell\Modules\AutomatedLabTest\5.50.0\tests\FailoverNode.tests.ps1" executed="True" result="Success" success="True" time="9.3388" asserts="0" description="C:\Program Files\WindowsPowerShell\Modules\AutomatedLabTest\5.50.0\tests\FailoverNode.tests.ps1">
        <results>
          <test-suite type="TestFixture" name="[LAB3] FailoverNode" executed="True" result="Success" success="True" time="9.0223" asserts="0" description="[LAB3] FailoverNode">
            <results>
              <test-suite type="TestFixture" name="[LAB3] FailoverNode.Role deployment successful" executed="True" result="Success" success="True" time="0.2289" asserts="0" description="[LAB3] FailoverNode.Role deployment successful">
                <results>
                  <test-case description="[FailoverNode] Should return the correct amount of machines" name="[LAB3] FailoverNode.Role deployment successful.[FailoverNode] Should return the correct amount of machines" time="0.2207" asserts="0" success="True" result="Success" executed="True" />
                </results>
              </test-suite>
              <test-suite type="ParameterizedTest" name="[LAB3] FailoverNode.[LAB3SQL1] Should be part of a cluster" executed="True" result="Success" success="True" time="8.7739" asserts="0" description="[LAB3SQL1] Should be part of a cluster">
                <results>
                  <test-case description="[LAB3SQL1] Should be part of a cluster" name="[LAB3] FailoverNode.[LAB3SQL1] Should be part of a cluster(LAB3SQL1)" time="5.1325" asserts="0" success="True" result="Success" executed="True" />
                  <test-case description="[LAB3SQL2] Should be part of a cluster" name="[LAB3] FailoverNode.[LAB3SQL2] Should be part of a cluster" time="3.6414" asserts="0" success="True" result="Success" executed="True" />
                </results>
              </test-suite>
            </results>
          </test-suite>
        </results>
      </test-suite>
      <test-suite type="TestFixture" name="C:\Program Files\WindowsPowerShell\Modules\AutomatedLabTest\5.50.0\tests\RootDC.tests.ps1" executed="True" result="Success" success="True" time="5.6684" asserts="0" description="C:\Program Files\WindowsPowerShell\Modules\AutomatedLabTest\5.50.0\tests\RootDC.tests.ps1">
        <results>
          <test-suite type="TestFixture" name="[LAB3] DC Generic" executed="True" result="Success" success="True" time="4.1573" asserts="0" description="[LAB3] DC Generic">
            <results>
              <test-suite type="TestFixture" name="[LAB3] DC Generic.Role deployment successful" executed="True" result="Success" success="True" time="4.1518" asserts="0" description="[LAB3] DC Generic.Role deployment successful">
                <results>
                  <test-case description="[RootDC] Should return the correct amount of machines" name="[LAB3] DC Generic.Role deployment successful.[RootDC] Should return the correct amount of machines" time="0.0745" asserts="0" success="True" result="Success" executed="True" />
                  <test-suite type="ParameterizedTest" name="[LAB3] DC Generic.Role deployment successful.LAB3DC should have ADWS running" executed="True" result="Success" success="True" time="0.7304" asserts="0" description="LAB3DC should have ADWS running">
                    <results>
                      <test-case description="LAB3DC should have ADWS running" name="[LAB3] DC Generic.Role deployment successful.LAB3DC should have ADWS running(LAB3DC)" time="0.7304" asserts="0" success="True" result="Success" executed="True" />
                    </results>
                  </test-suite>
                  <test-suite type="ParameterizedTest" name="[LAB3] DC Generic.Role deployment successful.LAB3DC should respond to ADWS calls" executed="True" result="Success" success="True" time="3.3406" asserts="0" description="LAB3DC should respond to ADWS calls">
                    <results>
                      <test-case description="LAB3DC should respond to ADWS calls" name="[LAB3] DC Generic.Role deployment successful.LAB3DC should respond to ADWS calls(LAB3DC)" time="3.3406" asserts="0" success="True" result="Success" executed="True" />
                    </results>
                  </test-suite>
                </results>
              </test-suite>
            </results>
          </test-suite>
          <test-suite type="TestFixture" name="[LAB3] RootDC specific" executed="True" result="Success" success="True" time="5.4626" asserts="0" description="[LAB3] RootDC specific">
            <results>
              <test-suite type="ParameterizedTest" name="[LAB3] RootDC specific.LAB3DC should hold PDC emulator FSMO role" executed="True" result="Success" success="True" time="1.2987" asserts="0" description="LAB3DC should hold PDC emulator FSMO role">
                <results>
                  <test-case description="LAB3DC should hold PDC emulator FSMO role" name="[LAB3] RootDC specific.LAB3DC should hold PDC emulator FSMO role(LAB3DC)" time="1.2987" asserts="0" success="True" result="Success" executed="True" />
                </results>
              </test-suite>
            </results>
          </test-suite>
        </results>
      </test-suite>
      <test-suite type="TestFixture" name="C:\Program Files\WindowsPowerShell\Modules\AutomatedLabTest\5.50.0\tests\SQLServer2022.tests.ps1" executed="True" result="Success" success="True" time="5.4241" asserts="0" description="C:\Program Files\WindowsPowerShell\Modules\AutomatedLabTest\5.50.0\tests\SQLServer2022.tests.ps1">
        <results>
          <test-suite type="TestFixture" name="[LAB3] SQLServer2022" executed="True" result="Success" success="True" time="5.1572" asserts="0" description="[LAB3] SQLServer2022">
            <results>
              <test-suite type="TestFixture" name="[LAB3] SQLServer2022.Role deployment successful" executed="True" result="Success" success="True" time="5.1502" asserts="0" description="[LAB3] SQLServer2022.Role deployment successful">
                <results>
                  <test-case description="[SQLServer2022] Should return the correct amount of machines" name="[LAB3] SQLServer2022.Role deployment successful.[SQLServer2022] Should return the correct amount of machines" time="0.1776" asserts="0" success="True" result="Success" executed="True" />
                  <test-suite type="ParameterizedTest" name="[LAB3] SQLServer2022.Role deployment successful.[LAB3SQL1] Should have SQL Server 2022 installed" executed="True" result="Success" success="True" time="1.9821" asserts="0" description="[LAB3SQL1] Should have SQL Server 2022 installed">
                    <results>
                      <test-case description="[LAB3SQL1] Should have SQL Server 2022 installed" name="[LAB3] SQLServer2022.Role deployment successful.[LAB3SQL1] Should have SQL Server 2022 installed(LAB3SQL1)" time="0.9574" asserts="0" success="True" result="Success" executed="True" />
                      <test-case description="[LAB3SQL2] Should have SQL Server 2022 installed" name="[LAB3] SQLServer2022.Role deployment successful.[LAB3SQL2] Should have SQL Server 2022 installed" time="1.0247" asserts="0" success="True" result="Success" executed="True" />
                    </results>
                  </test-suite>
                  <test-suite type="ParameterizedTest" name="[LAB3] SQLServer2022.Role deployment successful.[LAB3SQL1] Instance(s) should be running" executed="True" result="Success" success="True" time="2.9833" asserts="0" description="[LAB3SQL1] Instance(s) should be running">
                    <results>
                      <test-case description="[LAB3SQL1] Instance(s) should be running" name="[LAB3] SQLServer2022.Role deployment successful.[LAB3SQL1] Instance(s) should be running(LAB3SQL1)" time="1.8718" asserts="0" success="True" result="Success" executed="True" />
                      <test-case description="[LAB3SQL2] Instance(s) should be running" name="[LAB3] SQLServer2022.Role deployment successful.[LAB3SQL2] Instance(s) should be running" time="1.1115" asserts="0" success="True" result="Success" executed="True" />
                    </results>
                  </test-suite>
                </results>
              </test-suite>
            </results>
          </test-suite>
        </results>
      </test-suite>
    </results>
  </test-suite>
</test-results>